<?xml version="1.0" encoding="UTF-8"?>
<testsuite xmlns:xsi="http://www.w3.org/2001/XMLSchema-instance" xsi:noNamespaceSchemaLocation="https://maven.apache.org/surefire/maven-surefire-plugin/xsd/surefire-test-report.xsd" name="com.springboot.MyTodoList.bot.TaskBotControllerTest" time="3.145" tests="4" errors="0" skipped="0" failures="0">
  <properties>
[...]
</properties>
  <testcase name="testLoginWithUnregisteredUser" classname="com.springboot.MyTodoList.bot.TaskBotControllerTest" time="3.089"/>
  <testcase name="testLoginSuccessful" classname="com.springboot.MyTodoList.bot.TaskBotControllerTest" time="0.013"/>
  <testcase name="testLoginCommand" classname="com.springboot.MyTodoList.bot.TaskBotControllerTest" time="0.007"/>
  <testcase name="testStartCommand" classname="com.springboot.MyTodoList.bot.TaskBotControllerTest" time="0.007"/>
</testsuite>